<?xml version="1.0" encoding="UTF-8"?>
<testng-results ignored="0" total="2" passed="2" failed="0" skipped="0">
  <reporter-output>
  </reporter-output>
  <suite started-at="2023-03-17T16:32:19 EDT" name="Default suite" finished-at="2023-03-17T16:32:39 EDT" duration-ms="19925">
    <groups>
    </groups>
    <test started-at="2023-03-17T16:32:19 EDT" name="Default test" finished-at="2023-03-17T16:32:39 EDT" duration-ms="19925">
      <class name="testLayer.LoginTest">
        <test-method is-config="true" signature="initsetup()[pri:0, instance:testLayer.LoginTest@436813f3]" started-at="2023-03-17T16:32:19 EDT" name="initsetup" finished-at="2023-03-17T16:32:29 EDT" duration-ms="9890" status="PASS">
          <reporter-output>
          </reporter-output>
        </test-method> <!-- initsetup -->
        <test-method signature="Title()[pri:1, instance:testLayer.LoginTest@436813f3]" started-at="2023-03-17T16:32:29 EDT" name="Title" finished-at="2023-03-17T16:32:29 EDT" duration-ms="16" status="PASS">
          <reporter-output>
          </reporter-output>
        </test-method> <!-- Title -->
        <test-method is-config="true" signature="close()[pri:0, instance:testLayer.LoginTest@436813f3]" started-at="2023-03-17T16:32:29 EDT" name="close" finished-at="2023-03-17T16:32:32 EDT" duration-ms="2703" status="PASS">
          <reporter-output>
          </reporter-output>
        </test-method> <!-- close -->
        <test-method is-config="true" signature="initsetup()[pri:0, instance:testLayer.LoginTest@436813f3]" started-at="2023-03-17T16:32:32 EDT" name="initsetup" finished-at="2023-03-17T16:32:38 EDT" duration-ms="6395" status="PASS">
          <reporter-output>
          </reporter-output>
        </test-method> <!-- initsetup -->
        <test-method signature="Login()[pri:2, instance:testLayer.LoginTest@436813f3]" started-at="2023-03-17T16:32:38 EDT" name="Login" finished-at="2023-03-17T16:32:39 EDT" duration-ms="815" status="PASS">
          <reporter-output>
          </reporter-output>
        </test-method> <!-- Login -->
        <test-method is-config="true" signature="close()[pri:0, instance:testLayer.LoginTest@436813f3]" started-at="2023-03-17T16:32:39 EDT" name="close" finished-at="2023-03-17T16:32:39 EDT" duration-ms="60" status="PASS">
          <reporter-output>
          </reporter-output>
        </test-method> <!-- close -->
      </class> <!-- testLayer.LoginTest -->
    </test> <!-- Default test -->
  </suite> <!-- Default suite -->
</testng-results>
